<?xml version="1.0" encoding="UTF-8"?>
<!-- Generated by org.testng.reporters.JUnitReportReporter -->
<testsuite hostname="DESKTOP-BJTDP1C" failures="0" tests="6" name="test.BooksInventory_Negative_Workflows" time="3.833" errors="0" timestamp="2025-03-03T12:04:12 GMT" skipped="0">
  <testcase classname="test.BooksInventory_Negative_Workflows" name="RefreshPage" time="0.489"/>
  <system-out/>
  <testcase classname="test.BooksInventory_Negative_Workflows" name="InvalidDate" time="0.791"/>
  <system-out/>
  <testcase classname="test.BooksInventory_Negative_Workflows" name="AddBookWithNoDetails" time="0.380"/>
  <system-out/>
  <testcase classname="test.BooksInventory_Negative_Workflows" name="InvalidUsername" time="0.691"/>
  <system-out/>
  <testcase classname="test.BooksInventory_Negative_Workflows" name="InvalidPassword" time="0.746"/>
  <system-out/>
  <testcase classname="test.BooksInventory_Negative_Workflows" name="InvalidUsernamePassword" time="0.736"/>
  <system-out/>
</testsuite> <!-- test.BooksInventory_Negative_Workflows -->
