<?xml version="1.0" encoding="UTF-8"?>
<!-- Generated by org.testng.reporters.JUnitReportReporter -->
<testsuite hostname="DESKTOP-BJTDP1C" failures="0" tests="1" name="test.BooksInventory_Create" time="0.270" errors="0" timestamp="2025-02-27T18:31:52 GMT" skipped="0">
  <testcase classname="test.BooksInventory_Create" name="AddBook" time="0.270"/>
  <system-out/>
</testsuite> <!-- test.BooksInventory_Create -->
