<?xml version="1.0" encoding="UTF-8"?>
<!-- Generated by org.testng.reporters.JUnitReportReporter -->
<testsuite hostname="DESKTOP-BJTDP1C" failures="0" tests="1" name="test.ReadTxtFileLineByLine" time="0.023" errors="0" timestamp="2025-02-25T20:29:07 GMT" skipped="0">
  <testcase classname="test.ReadTxtFileLineByLine" name="Verify" time="0.023"/>
  <system-out/>
</testsuite> <!-- test.ReadTxtFileLineByLine -->
