<?xml version="1.0" encoding="UTF-8"?>
<!-- Generated by org.testng.reporters.JUnitReportReporter -->
<testsuite hostname="DESKTOP-BJTDP1C" failures="0" tests="5" name="test.BooksInventory_Login_View" time="1.371" errors="0" timestamp="2025-02-27T20:01:23 GMT" skipped="0">
  <testcase classname="test.BooksInventory_Login_View" name="ViewRecords" time="0.045"/>
  <system-out/>
  <testcase classname="test.BooksInventory_Login_View" name="ConfirmWelcomeMessageAndLogoutButton" time="0.055"/>
  <system-out/>
  <testcase classname="test.BooksInventory_Login_View" name="AddBook" time="0.864"/>
  <system-out/>
  <testcase classname="test.BooksInventory_Login_View" name="EditBook" time="0.304"/>
  <system-out/>
  <testcase classname="test.BooksInventory_Login_View" name="DeleteBook" time="0.103"/>
  <system-out/>
</testsuite> <!-- test.BooksInventory_Login_View -->
