<?xml version="1.0" encoding="UTF-8"?>
<!-- Generated by org.testng.reporters.JUnitReportReporter -->
<testsuite hostname="DESKTOP-BJTDP1C" failures="0" tests="5" name="test.BooksInventory_All_Positive_Workflows" time="1.464" errors="0" timestamp="2025-03-03T12:04:12 GMT" skipped="0">
  <testcase classname="test.BooksInventory_All_Positive_Workflows" name="ViewRecords" time="0.061"/>
  <system-out/>
  <testcase classname="test.BooksInventory_All_Positive_Workflows" name="ConfirmWelcomeMessageAndLogoutButton" time="0.107"/>
  <system-out/>
  <testcase classname="test.BooksInventory_All_Positive_Workflows" name="AddBook" time="0.923"/>
  <system-out/>
  <testcase classname="test.BooksInventory_All_Positive_Workflows" name="EditBook" time="0.290"/>
  <system-out/>
  <testcase classname="test.BooksInventory_All_Positive_Workflows" name="DeleteBook" time="0.083"/>
  <system-out/>
</testsuite> <!-- test.BooksInventory_All_Positive_Workflows -->
